<?xml version="1.0" encoding="UTF-8"?>
<!-- Generated by org.testng.reporters.JUnitXMLReporter -->
<testsuite ignored="0" hostname="LAPTOP-SFS04194" failures="1" tests="1" name="BankingApp Test" time="35.703" errors="0" timestamp="2024-04-09T16:55:42 IST">
  <testcase classname="com.internetBanking.testCases.TC_LoginDDD_002" name="loginDDT" time="0.0">
    <failure type="java.lang.RuntimeException" message="java.io.FileNotFoundException: null\src\test\java\com\internetBanking\testData\LoginData.xlsx (The system cannot find the path specified)">
      <![CDATA[java.lang.RuntimeException: java.io.FileNotFoundException: null\src\test\java\com\internetBanking\testData\LoginData.xlsx (The system cannot find the path specified)
at java.base/java.util.ArrayList.forEach(ArrayList.java:1511)
Caused by: java.io.FileNotFoundException: null\src\test\java\com\internetBanking\testData\LoginData.xlsx (The system cannot find the path specified)
at java.base/java.io.FileInputStream.open0(Native Method)
at java.base/java.io.FileInputStream.open(FileInputStream.java:216)
at java.base/java.io.FileInputStream.<init>(FileInputStream.java:157)
at java.base/java.io.FileInputStream.<init>(FileInputStream.java:111)
at com.internetBanking.utilities.XLUtils.getRowCount(XLUtils.java:25)
at com.internetBanking.testCases.TC_LoginDDD_002.getData(TC_LoginDDD_002.java:66)
... 25 more
... Removed 32 stack frames]]>
    </failure>
  </testcase> <!-- loginDDT -->
</testsuite> <!-- BankingApp Test -->
